0 info it worked if it ends with ok
1 verbose cli [ 'C:\\Users\\Jurgen\\AppData\\Local\\.meteor\\packages\\meteor-tool\\1.4.2_7\\mt-os.windows.x86_32\\dev_bundle\\bin\\node.exe',
1 verbose cli   'C:\\Users\\Jurgen\\AppData\\Local\\.meteor\\packages\\meteor-tool\\1.4.2_7\\mt-os.windows.x86_32\\dev_bundle\\lib\\node_modules\\npm\\bin\\npm-cli.js',
1 verbose cli   'install',
1 verbose cli   '--save',
1 verbose cli   'bcrypt' ]
2 info using npm@3.10.9
3 info using node@v4.7.3
4 silly loadCurrentTree Starting
5 silly install loadCurrentTree
6 silly install readLocalPackageData
7 silly fetchPackageMetaData bcrypt@^0.8.7
8 silly fetchNamedPackageData bcrypt
9 silly mapToRegistry name bcrypt
10 silly mapToRegistry using default registry
11 silly mapToRegistry registry https://registry.npmjs.org/
12 silly mapToRegistry data Result {
12 silly mapToRegistry   raw: 'bcrypt',
12 silly mapToRegistry   scope: null,
12 silly mapToRegistry   escapedName: 'bcrypt',
12 silly mapToRegistry   name: 'bcrypt',
12 silly mapToRegistry   rawSpec: '',
12 silly mapToRegistry   spec: 'latest',
12 silly mapToRegistry   type: 'tag' }
13 silly mapToRegistry uri https://registry.npmjs.org/bcrypt
14 verbose request uri https://registry.npmjs.org/bcrypt
15 verbose request no auth needed
16 info attempt registry request try #1 at 11:39:27
17 verbose request id 51f6f865dfe62ac4
18 http request GET https://registry.npmjs.org/bcrypt
19 http 200 https://registry.npmjs.org/bcrypt
20 verbose headers { server: 'nginx/1.10.1',
20 verbose headers   'content-type': 'application/json',
20 verbose headers   'last-modified': 'Mon, 13 Feb 2017 11:20:16 GMT',
20 verbose headers   etag: 'W/"58a19670-16d95"',
20 verbose headers   'content-encoding': 'gzip',
20 verbose headers   'cache-control': 'max-age=300',
20 verbose headers   'content-length': '11061',
20 verbose headers   'accept-ranges': 'bytes',
20 verbose headers   date: 'Sun, 19 Feb 2017 10:39:23 GMT',
20 verbose headers   via: '1.1 varnish',
20 verbose headers   age: '198',
20 verbose headers   connection: 'keep-alive',
20 verbose headers   'x-served-by': 'cache-ams4451-AMS',
20 verbose headers   'x-cache': 'HIT',
20 verbose headers   'x-cache-hits': '1',
20 verbose headers   'x-timer': 'S1487500763.379970,VS0,VE0',
20 verbose headers   vary: 'Accept-Encoding' }
21 silly get cb [ 200,
21 silly get   { server: 'nginx/1.10.1',
21 silly get     'content-type': 'application/json',
21 silly get     'last-modified': 'Mon, 13 Feb 2017 11:20:16 GMT',
21 silly get     etag: 'W/"58a19670-16d95"',
21 silly get     'content-encoding': 'gzip',
21 silly get     'cache-control': 'max-age=300',
21 silly get     'content-length': '11061',
21 silly get     'accept-ranges': 'bytes',
21 silly get     date: 'Sun, 19 Feb 2017 10:39:23 GMT',
21 silly get     via: '1.1 varnish',
21 silly get     age: '198',
21 silly get     connection: 'keep-alive',
21 silly get     'x-served-by': 'cache-ams4451-AMS',
21 silly get     'x-cache': 'HIT',
21 silly get     'x-cache-hits': '1',
21 silly get     'x-timer': 'S1487500763.379970,VS0,VE0',
21 silly get     vary: 'Accept-Encoding' } ]
22 verbose get saving bcrypt to C:\Users\Jurgen\AppData\Local\.meteor\packages\meteor-tool\1.4.2_7\mt-os.windows.x86_32\dev_bundle\.npm\registry.npmjs.org\bcrypt\.cache.json
23 verbose correctMkdir C:\Users\Jurgen\AppData\Local\.meteor\packages\meteor-tool\1.4.2_7\mt-os.windows.x86_32\dev_bundle\.npm correctMkdir not in flight; initializing
24 silly install normalizeTree
25 silly loadCurrentTree Finishing
26 silly loadIdealTree Starting
27 silly install loadIdealTree
28 silly cloneCurrentTree Starting
29 silly install cloneCurrentTreeToIdealTree
30 silly cloneCurrentTree Finishing
31 silly loadShrinkwrap Starting
32 silly install loadShrinkwrap
33 silly loadShrinkwrap Finishing
34 silly loadAllDepsIntoIdealTree Starting
35 silly install loadAllDepsIntoIdealTree
36 silly resolveWithNewModule bcrypt@0.8.7 checking installable status
37 silly cache add args [ 'bcrypt@^0.8.7', null ]
38 verbose cache add spec bcrypt@^0.8.7
39 silly cache add parsed spec Result {
39 silly cache add   raw: 'bcrypt@^0.8.7',
39 silly cache add   scope: null,
39 silly cache add   escapedName: 'bcrypt',
39 silly cache add   name: 'bcrypt',
39 silly cache add   rawSpec: '^0.8.7',
39 silly cache add   spec: '>=0.8.7 <0.9.0',
39 silly cache add   type: 'range' }
40 silly addNamed bcrypt@>=0.8.7 <0.9.0
41 verbose addNamed ">=0.8.7 <0.9.0" is a valid semver range for bcrypt
42 silly addNameRange { name: 'bcrypt', range: '>=0.8.7 <0.9.0', hasData: false }
43 silly mapToRegistry name bcrypt
44 silly mapToRegistry using default registry
45 silly mapToRegistry registry https://registry.npmjs.org/
46 silly mapToRegistry data Result {
46 silly mapToRegistry   raw: 'bcrypt',
46 silly mapToRegistry   scope: null,
46 silly mapToRegistry   escapedName: 'bcrypt',
46 silly mapToRegistry   name: 'bcrypt',
46 silly mapToRegistry   rawSpec: '',
46 silly mapToRegistry   spec: 'latest',
46 silly mapToRegistry   type: 'tag' }
47 silly mapToRegistry uri https://registry.npmjs.org/bcrypt
48 verbose addNameRange registry:https://registry.npmjs.org/bcrypt not in flight; fetching
49 verbose get https://registry.npmjs.org/bcrypt not expired, no request
50 silly addNameRange number 2 { name: 'bcrypt', range: '>=0.8.7 <0.9.0', hasData: true }
51 silly addNameRange versions [ 'bcrypt',
51 silly addNameRange   [ '0.1.2',
51 silly addNameRange     '0.2.0',
51 silly addNameRange     '0.2.1',
51 silly addNameRange     '0.1.3',
51 silly addNameRange     '0.2.2',
51 silly addNameRange     '0.2.3',
51 silly addNameRange     '0.2.4',
51 silly addNameRange     '0.3.0',
51 silly addNameRange     '0.3.1',
51 silly addNameRange     '0.3.2',
51 silly addNameRange     '0.4.0',
51 silly addNameRange     '0.4.1',
51 silly addNameRange     '0.5.0',
51 silly addNameRange     '0.6.0',
51 silly addNameRange     '0.7.0',
51 silly addNameRange     '0.7.1',
51 silly addNameRange     '0.7.2',
51 silly addNameRange     '0.7.3',
51 silly addNameRange     '0.7.4',
51 silly addNameRange     '0.7.5',
51 silly addNameRange     '0.7.6',
51 silly addNameRange     '0.7.7',
51 silly addNameRange     '0.7.8',
51 silly addNameRange     '0.8.0',
51 silly addNameRange     '0.8.1',
51 silly addNameRange     '0.8.2',
51 silly addNameRange     '0.8.3',
51 silly addNameRange     '0.8.4',
51 silly addNameRange     '0.8.5',
51 silly addNameRange     '0.8.6',
51 silly addNameRange     '0.8.7',
51 silly addNameRange     '1.0.0',
51 silly addNameRange     '1.0.1',
51 silly addNameRange     '1.0.2' ] ]
52 silly addNamed bcrypt@0.8.7
53 verbose addNamed "0.8.7" is a plain semver version for bcrypt
54 silly mapToRegistry name bcrypt
55 silly mapToRegistry using default registry
56 silly mapToRegistry registry https://registry.npmjs.org/
57 silly mapToRegistry data Result {
57 silly mapToRegistry   raw: 'bcrypt',
57 silly mapToRegistry   scope: null,
57 silly mapToRegistry   escapedName: 'bcrypt',
57 silly mapToRegistry   name: 'bcrypt',
57 silly mapToRegistry   rawSpec: '',
57 silly mapToRegistry   spec: 'latest',
57 silly mapToRegistry   type: 'tag' }
58 silly mapToRegistry uri https://registry.npmjs.org/bcrypt
59 verbose addRemoteTarball https://registry.npmjs.org/bcrypt/-/bcrypt-0.8.7.tgz not in flight; adding
60 verbose addRemoteTarball [ 'https://registry.npmjs.org/bcrypt/-/bcrypt-0.8.7.tgz',
60 verbose addRemoteTarball   'bc3875a9afd0a7b2cd231a6a7f218a5ce156b093' ]
61 info retry fetch attempt 1 at 11:39:27
62 info attempt registry request try #1 at 11:39:27
63 http fetch GET https://registry.npmjs.org/bcrypt/-/bcrypt-0.8.7.tgz
64 http fetch 200 https://registry.npmjs.org/bcrypt/-/bcrypt-0.8.7.tgz
65 silly fetchAndShaCheck shasum bc3875a9afd0a7b2cd231a6a7f218a5ce156b093
66 verbose addTmpTarball C:\Users\Jurgen\AppData\Local\Temp\npm-3604-08a1e9d2\registry.npmjs.org\bcrypt\-\bcrypt-0.8.7.tgz not in flight; adding
67 verbose addTmpTarball already have metadata; skipping unpack for bcrypt@0.8.7
68 verbose correctMkdir C:\Users\Jurgen\AppData\Local\.meteor\packages\meteor-tool\1.4.2_7\mt-os.windows.x86_32\dev_bundle\.npm correctMkdir not in flight; initializing
69 silly cache afterAdd bcrypt@0.8.7
70 verbose afterAdd C:\Users\Jurgen\AppData\Local\.meteor\packages\meteor-tool\1.4.2_7\mt-os.windows.x86_32\dev_bundle\.npm\bcrypt\0.8.7\package\package.json not in flight; writing
71 verbose correctMkdir C:\Users\Jurgen\AppData\Local\.meteor\packages\meteor-tool\1.4.2_7\mt-os.windows.x86_32\dev_bundle\.npm correctMkdir not in flight; initializing
72 verbose afterAdd C:\Users\Jurgen\AppData\Local\.meteor\packages\meteor-tool\1.4.2_7\mt-os.windows.x86_32\dev_bundle\.npm\bcrypt\0.8.7\package\package.json written
73 silly fetchNamedPackageData bindings
74 silly mapToRegistry name bindings
75 silly mapToRegistry using default registry
76 silly mapToRegistry registry https://registry.npmjs.org/
77 silly mapToRegistry data Result {
77 silly mapToRegistry   raw: 'bindings',
77 silly mapToRegistry   scope: null,
77 silly mapToRegistry   escapedName: 'bindings',
77 silly mapToRegistry   name: 'bindings',
77 silly mapToRegistry   rawSpec: '',
77 silly mapToRegistry   spec: 'latest',
77 silly mapToRegistry   type: 'tag' }
78 silly mapToRegistry uri https://registry.npmjs.org/bindings
79 silly fetchNamedPackageData nan
80 silly mapToRegistry name nan
81 silly mapToRegistry using default registry
82 silly mapToRegistry registry https://registry.npmjs.org/
83 silly mapToRegistry data Result {
83 silly mapToRegistry   raw: 'nan',
83 silly mapToRegistry   scope: null,
83 silly mapToRegistry   escapedName: 'nan',
83 silly mapToRegistry   name: 'nan',
83 silly mapToRegistry   rawSpec: '',
83 silly mapToRegistry   spec: 'latest',
83 silly mapToRegistry   type: 'tag' }
84 silly mapToRegistry uri https://registry.npmjs.org/nan
85 verbose request uri https://registry.npmjs.org/bindings
86 verbose request no auth needed
87 info attempt registry request try #1 at 11:39:27
88 http request GET https://registry.npmjs.org/bindings
89 verbose request uri https://registry.npmjs.org/nan
90 verbose request no auth needed
91 info attempt registry request try #1 at 11:39:27
92 http request GET https://registry.npmjs.org/nan
93 http 200 https://registry.npmjs.org/bindings
94 verbose headers { server: 'nginx/1.10.1',
94 verbose headers   'content-type': 'application/json',
94 verbose headers   'last-modified': 'Tue, 18 Oct 2016 15:54:59 GMT',
94 verbose headers   etag: 'W/"580645d3-46f7"',
94 verbose headers   'content-encoding': 'gzip',
94 verbose headers   'cache-control': 'max-age=300',
94 verbose headers   'content-length': '3493',
94 verbose headers   'accept-ranges': 'bytes',
94 verbose headers   date: 'Sun, 19 Feb 2017 10:39:23 GMT',
94 verbose headers   via: '1.1 varnish',
94 verbose headers   age: '58',
94 verbose headers   connection: 'keep-alive',
94 verbose headers   'x-served-by': 'cache-ams4451-AMS',
94 verbose headers   'x-cache': 'HIT',
94 verbose headers   'x-cache-hits': '2',
94 verbose headers   'x-timer': 'S1487500763.473752,VS0,VE0',
94 verbose headers   vary: 'Accept-Encoding' }
95 silly get cb [ 200,
95 silly get   { server: 'nginx/1.10.1',
95 silly get     'content-type': 'application/json',
95 silly get     'last-modified': 'Tue, 18 Oct 2016 15:54:59 GMT',
95 silly get     etag: 'W/"580645d3-46f7"',
95 silly get     'content-encoding': 'gzip',
95 silly get     'cache-control': 'max-age=300',
95 silly get     'content-length': '3493',
95 silly get     'accept-ranges': 'bytes',
95 silly get     date: 'Sun, 19 Feb 2017 10:39:23 GMT',
95 silly get     via: '1.1 varnish',
95 silly get     age: '58',
95 silly get     connection: 'keep-alive',
95 silly get     'x-served-by': 'cache-ams4451-AMS',
95 silly get     'x-cache': 'HIT',
95 silly get     'x-cache-hits': '2',
95 silly get     'x-timer': 'S1487500763.473752,VS0,VE0',
95 silly get     vary: 'Accept-Encoding' } ]
96 verbose get saving bindings to C:\Users\Jurgen\AppData\Local\.meteor\packages\meteor-tool\1.4.2_7\mt-os.windows.x86_32\dev_bundle\.npm\registry.npmjs.org\bindings\.cache.json
97 verbose correctMkdir C:\Users\Jurgen\AppData\Local\.meteor\packages\meteor-tool\1.4.2_7\mt-os.windows.x86_32\dev_bundle\.npm correctMkdir not in flight; initializing
98 silly resolveWithNewModule bindings@1.2.1 checking installable status
99 silly cache add args [ 'bindings@1.2.1', null ]
100 verbose cache add spec bindings@1.2.1
101 silly cache add parsed spec Result {
101 silly cache add   raw: 'bindings@1.2.1',
101 silly cache add   scope: null,
101 silly cache add   escapedName: 'bindings',
101 silly cache add   name: 'bindings',
101 silly cache add   rawSpec: '1.2.1',
101 silly cache add   spec: '1.2.1',
101 silly cache add   type: 'version' }
102 silly addNamed bindings@1.2.1
103 verbose addNamed "1.2.1" is a plain semver version for bindings
104 silly mapToRegistry name bindings
105 silly mapToRegistry using default registry
106 silly mapToRegistry registry https://registry.npmjs.org/
107 silly mapToRegistry data Result {
107 silly mapToRegistry   raw: 'bindings',
107 silly mapToRegistry   scope: null,
107 silly mapToRegistry   escapedName: 'bindings',
107 silly mapToRegistry   name: 'bindings',
107 silly mapToRegistry   rawSpec: '',
107 silly mapToRegistry   spec: 'latest',
107 silly mapToRegistry   type: 'tag' }
108 silly mapToRegistry uri https://registry.npmjs.org/bindings
109 verbose addNameVersion registry:https://registry.npmjs.org/bindings not in flight; fetching
110 verbose get https://registry.npmjs.org/bindings not expired, no request
111 silly mapToRegistry name bindings
112 silly mapToRegistry using default registry
113 silly mapToRegistry registry https://registry.npmjs.org/
114 silly mapToRegistry data Result {
114 silly mapToRegistry   raw: 'bindings',
114 silly mapToRegistry   scope: null,
114 silly mapToRegistry   escapedName: 'bindings',
114 silly mapToRegistry   name: 'bindings',
114 silly mapToRegistry   rawSpec: '',
114 silly mapToRegistry   spec: 'latest',
114 silly mapToRegistry   type: 'tag' }
115 silly mapToRegistry uri https://registry.npmjs.org/bindings
116 verbose addRemoteTarball https://registry.npmjs.org/bindings/-/bindings-1.2.1.tgz not in flight; adding
117 verbose addRemoteTarball [ 'https://registry.npmjs.org/bindings/-/bindings-1.2.1.tgz',
117 verbose addRemoteTarball   '14ad6113812d2d37d72e67b4cacb4bb726505f11' ]
118 info retry fetch attempt 1 at 11:39:27
119 info attempt registry request try #1 at 11:39:27
120 http fetch GET https://registry.npmjs.org/bindings/-/bindings-1.2.1.tgz
121 http fetch 200 https://registry.npmjs.org/bindings/-/bindings-1.2.1.tgz
122 http 200 https://registry.npmjs.org/nan
123 verbose headers { server: 'nginx/1.10.1',
123 verbose headers   'content-type': 'application/json',
123 verbose headers   'last-modified': 'Wed, 15 Feb 2017 12:36:59 GMT',
123 verbose headers   etag: 'W/"58a44b6b-1df62"',
123 verbose headers   'content-encoding': 'gzip',
123 verbose headers   'cache-control': 'max-age=300',
123 verbose headers   'content-length': '14430',
123 verbose headers   'accept-ranges': 'bytes',
123 verbose headers   date: 'Sun, 19 Feb 2017 10:39:23 GMT',
123 verbose headers   via: '1.1 varnish',
123 verbose headers   age: '193',
123 verbose headers   connection: 'keep-alive',
123 verbose headers   'x-served-by': 'cache-ams4136-AMS',
123 verbose headers   'x-cache': 'HIT',
123 verbose headers   'x-cache-hits': '2',
123 verbose headers   'x-timer': 'S1487500763.488869,VS0,VE0',
123 verbose headers   vary: 'Accept-Encoding' }
124 silly get cb [ 200,
124 silly get   { server: 'nginx/1.10.1',
124 silly get     'content-type': 'application/json',
124 silly get     'last-modified': 'Wed, 15 Feb 2017 12:36:59 GMT',
124 silly get     etag: 'W/"58a44b6b-1df62"',
124 silly get     'content-encoding': 'gzip',
124 silly get     'cache-control': 'max-age=300',
124 silly get     'content-length': '14430',
124 silly get     'accept-ranges': 'bytes',
124 silly get     date: 'Sun, 19 Feb 2017 10:39:23 GMT',
124 silly get     via: '1.1 varnish',
124 silly get     age: '193',
124 silly get     connection: 'keep-alive',
124 silly get     'x-served-by': 'cache-ams4136-AMS',
124 silly get     'x-cache': 'HIT',
124 silly get     'x-cache-hits': '2',
124 silly get     'x-timer': 'S1487500763.488869,VS0,VE0',
124 silly get     vary: 'Accept-Encoding' } ]
125 verbose get saving nan to C:\Users\Jurgen\AppData\Local\.meteor\packages\meteor-tool\1.4.2_7\mt-os.windows.x86_32\dev_bundle\.npm\registry.npmjs.org\nan\.cache.json
126 verbose correctMkdir C:\Users\Jurgen\AppData\Local\.meteor\packages\meteor-tool\1.4.2_7\mt-os.windows.x86_32\dev_bundle\.npm correctMkdir not in flight; initializing
127 silly fetchAndShaCheck shasum 14ad6113812d2d37d72e67b4cacb4bb726505f11
128 verbose addTmpTarball C:\Users\Jurgen\AppData\Local\Temp\npm-3604-08a1e9d2\registry.npmjs.org\bindings\-\bindings-1.2.1.tgz not in flight; adding
129 verbose addTmpTarball already have metadata; skipping unpack for bindings@1.2.1
130 verbose correctMkdir C:\Users\Jurgen\AppData\Local\.meteor\packages\meteor-tool\1.4.2_7\mt-os.windows.x86_32\dev_bundle\.npm correctMkdir not in flight; initializing
131 silly cache afterAdd bindings@1.2.1
132 verbose afterAdd C:\Users\Jurgen\AppData\Local\.meteor\packages\meteor-tool\1.4.2_7\mt-os.windows.x86_32\dev_bundle\.npm\bindings\1.2.1\package\package.json not in flight; writing
133 verbose correctMkdir C:\Users\Jurgen\AppData\Local\.meteor\packages\meteor-tool\1.4.2_7\mt-os.windows.x86_32\dev_bundle\.npm correctMkdir not in flight; initializing
134 silly resolveWithNewModule nan@2.3.5 checking installable status
135 silly cache add args [ 'nan@2.3.5', null ]
136 verbose cache add spec nan@2.3.5
137 silly cache add parsed spec Result {
137 silly cache add   raw: 'nan@2.3.5',
137 silly cache add   scope: null,
137 silly cache add   escapedName: 'nan',
137 silly cache add   name: 'nan',
137 silly cache add   rawSpec: '2.3.5',
137 silly cache add   spec: '2.3.5',
137 silly cache add   type: 'version' }
138 silly addNamed nan@2.3.5
139 verbose addNamed "2.3.5" is a plain semver version for nan
140 silly mapToRegistry name nan
141 silly mapToRegistry using default registry
142 silly mapToRegistry registry https://registry.npmjs.org/
143 silly mapToRegistry data Result {
143 silly mapToRegistry   raw: 'nan',
143 silly mapToRegistry   scope: null,
143 silly mapToRegistry   escapedName: 'nan',
143 silly mapToRegistry   name: 'nan',
143 silly mapToRegistry   rawSpec: '',
143 silly mapToRegistry   spec: 'latest',
143 silly mapToRegistry   type: 'tag' }
144 silly mapToRegistry uri https://registry.npmjs.org/nan
145 verbose addNameVersion registry:https://registry.npmjs.org/nan not in flight; fetching
146 verbose get https://registry.npmjs.org/nan not expired, no request
147 verbose afterAdd C:\Users\Jurgen\AppData\Local\.meteor\packages\meteor-tool\1.4.2_7\mt-os.windows.x86_32\dev_bundle\.npm\bindings\1.2.1\package\package.json written
148 silly mapToRegistry name nan
149 silly mapToRegistry using default registry
150 silly mapToRegistry registry https://registry.npmjs.org/
151 silly mapToRegistry data Result {
151 silly mapToRegistry   raw: 'nan',
151 silly mapToRegistry   scope: null,
151 silly mapToRegistry   escapedName: 'nan',
151 silly mapToRegistry   name: 'nan',
151 silly mapToRegistry   rawSpec: '',
151 silly mapToRegistry   spec: 'latest',
151 silly mapToRegistry   type: 'tag' }
152 silly mapToRegistry uri https://registry.npmjs.org/nan
153 verbose addRemoteTarball https://registry.npmjs.org/nan/-/nan-2.3.5.tgz not in flight; adding
154 verbose addRemoteTarball [ 'https://registry.npmjs.org/nan/-/nan-2.3.5.tgz',
154 verbose addRemoteTarball   '822a0dc266290ce4cd3a12282ca3e7e364668a08' ]
155 info retry fetch attempt 1 at 11:39:27
156 info attempt registry request try #1 at 11:39:27
157 http fetch GET https://registry.npmjs.org/nan/-/nan-2.3.5.tgz
158 http fetch 200 https://registry.npmjs.org/nan/-/nan-2.3.5.tgz
159 silly fetchAndShaCheck shasum 822a0dc266290ce4cd3a12282ca3e7e364668a08
160 verbose addTmpTarball C:\Users\Jurgen\AppData\Local\Temp\npm-3604-08a1e9d2\registry.npmjs.org\nan\-\nan-2.3.5.tgz not in flight; adding
161 verbose addTmpTarball already have metadata; skipping unpack for nan@2.3.5
162 verbose correctMkdir C:\Users\Jurgen\AppData\Local\.meteor\packages\meteor-tool\1.4.2_7\mt-os.windows.x86_32\dev_bundle\.npm correctMkdir not in flight; initializing
163 silly cache afterAdd nan@2.3.5
164 verbose afterAdd C:\Users\Jurgen\AppData\Local\.meteor\packages\meteor-tool\1.4.2_7\mt-os.windows.x86_32\dev_bundle\.npm\nan\2.3.5\package\package.json not in flight; writing
165 verbose correctMkdir C:\Users\Jurgen\AppData\Local\.meteor\packages\meteor-tool\1.4.2_7\mt-os.windows.x86_32\dev_bundle\.npm correctMkdir not in flight; initializing
166 verbose afterAdd C:\Users\Jurgen\AppData\Local\.meteor\packages\meteor-tool\1.4.2_7\mt-os.windows.x86_32\dev_bundle\.npm\nan\2.3.5\package\package.json written
167 silly loadAllDepsIntoIdealTree Finishing
168 silly loadIdealTree Finishing
169 silly currentTree week_3_image_share@1.0.0
169 silly currentTree +-- babel-runtime@6.23.0
169 silly currentTree +-- core-js@2.4.1
169 silly currentTree `-- regenerator-runtime@0.10.3
170 silly idealTree week_3_image_share@1.0.0
170 silly idealTree +-- babel-runtime@6.23.0
170 silly idealTree +-- bcrypt@0.8.7
170 silly idealTree +-- bindings@1.2.1
170 silly idealTree +-- core-js@2.4.1
170 silly idealTree +-- nan@2.3.5
170 silly idealTree `-- regenerator-runtime@0.10.3
171 silly generateActionsToTake Starting
172 silly install generateActionsToTake
173 silly generateActionsToTake Finishing
174 silly diffTrees action count 3
175 silly diffTrees add bindings@1.2.1
176 silly diffTrees add nan@2.3.5
177 silly diffTrees add bcrypt@0.8.7
178 silly decomposeActions action count 24
179 silly decomposeActions fetch bindings@1.2.1
180 silly decomposeActions extract bindings@1.2.1
181 silly decomposeActions test bindings@1.2.1
182 silly decomposeActions preinstall bindings@1.2.1
183 silly decomposeActions build bindings@1.2.1
184 silly decomposeActions install bindings@1.2.1
185 silly decomposeActions postinstall bindings@1.2.1
186 silly decomposeActions finalize bindings@1.2.1
187 silly decomposeActions fetch nan@2.3.5
188 silly decomposeActions extract nan@2.3.5
189 silly decomposeActions test nan@2.3.5
190 silly decomposeActions preinstall nan@2.3.5
191 silly decomposeActions build nan@2.3.5
192 silly decomposeActions install nan@2.3.5
193 silly decomposeActions postinstall nan@2.3.5
194 silly decomposeActions finalize nan@2.3.5
195 silly decomposeActions fetch bcrypt@0.8.7
196 silly decomposeActions extract bcrypt@0.8.7
197 silly decomposeActions test bcrypt@0.8.7
198 silly decomposeActions preinstall bcrypt@0.8.7
199 silly decomposeActions build bcrypt@0.8.7
200 silly decomposeActions install bcrypt@0.8.7
201 silly decomposeActions postinstall bcrypt@0.8.7
202 silly decomposeActions finalize bcrypt@0.8.7
203 silly runTopLevelLifecycles Starting
204 silly executeActions Starting
205 silly install executeActions
206 silly doSerial global-install 0
207 silly doParallel fetch 3
208 verbose correctMkdir C:\Users\Jurgen\AppData\Local\.meteor\packages\meteor-tool\1.4.2_7\mt-os.windows.x86_32\dev_bundle\.npm\_locks correctMkdir not in flight; initializing
209 verbose lock using C:\Users\Jurgen\AppData\Local\.meteor\packages\meteor-tool\1.4.2_7\mt-os.windows.x86_32\dev_bundle\.npm\_locks\staging-087449ab0fc44d54.lock for C:\Users\Jurgen\OneDrive\Coursera\website coding\week 3.2\week_2_image_share\node_modules\.staging
210 silly doParallel extract 3
211 silly extract bindings@1.2.1
212 silly extract nan@2.3.5
213 silly extract bcrypt@0.8.7
214 verbose unbuild node_modules\.staging\bindings-11058295
215 verbose unbuild node_modules\.staging\nan-7cf97432
216 verbose unbuild node_modules\.staging\bcrypt-76d65437
217 silly gentlyRm C:\Users\Jurgen\OneDrive\Coursera\website coding\week 3.2\week_2_image_share\node_modules\.staging\bindings-11058295 is being purged from base C:\Users\Jurgen\OneDrive\Coursera\website coding\week 3.2\week_2_image_share
218 verbose gentlyRm don't care about contents; nuking C:\Users\Jurgen\OneDrive\Coursera\website coding\week 3.2\week_2_image_share\node_modules\.staging\bindings-11058295
219 silly gentlyRm C:\Users\Jurgen\OneDrive\Coursera\website coding\week 3.2\week_2_image_share\node_modules\.staging\nan-7cf97432 is being purged from base C:\Users\Jurgen\OneDrive\Coursera\website coding\week 3.2\week_2_image_share
220 verbose gentlyRm don't care about contents; nuking C:\Users\Jurgen\OneDrive\Coursera\website coding\week 3.2\week_2_image_share\node_modules\.staging\nan-7cf97432
221 verbose tar unpack C:\Users\Jurgen\AppData\Local\.meteor\packages\meteor-tool\1.4.2_7\mt-os.windows.x86_32\dev_bundle\.npm\bindings\1.2.1\package.tgz
222 verbose tar unpacking to C:\Users\Jurgen\OneDrive\Coursera\website coding\week 3.2\week_2_image_share\node_modules\.staging\bindings-11058295
223 silly gentlyRm C:\Users\Jurgen\OneDrive\Coursera\website coding\week 3.2\week_2_image_share\node_modules\.staging\bindings-11058295 is being purged
224 verbose gentlyRm don't care about contents; nuking C:\Users\Jurgen\OneDrive\Coursera\website coding\week 3.2\week_2_image_share\node_modules\.staging\bindings-11058295
225 silly gentlyRm C:\Users\Jurgen\OneDrive\Coursera\website coding\week 3.2\week_2_image_share\node_modules\.staging\bcrypt-76d65437 is being purged from base C:\Users\Jurgen\OneDrive\Coursera\website coding\week 3.2\week_2_image_share
226 verbose gentlyRm don't care about contents; nuking C:\Users\Jurgen\OneDrive\Coursera\website coding\week 3.2\week_2_image_share\node_modules\.staging\bcrypt-76d65437
227 verbose tar unpack C:\Users\Jurgen\AppData\Local\.meteor\packages\meteor-tool\1.4.2_7\mt-os.windows.x86_32\dev_bundle\.npm\nan\2.3.5\package.tgz
228 verbose tar unpacking to C:\Users\Jurgen\OneDrive\Coursera\website coding\week 3.2\week_2_image_share\node_modules\.staging\nan-7cf97432
229 silly gentlyRm C:\Users\Jurgen\OneDrive\Coursera\website coding\week 3.2\week_2_image_share\node_modules\.staging\nan-7cf97432 is being purged
230 verbose gentlyRm don't care about contents; nuking C:\Users\Jurgen\OneDrive\Coursera\website coding\week 3.2\week_2_image_share\node_modules\.staging\nan-7cf97432
231 silly gunzTarPerm modes [ '777', '666' ]
232 verbose tar unpack C:\Users\Jurgen\AppData\Local\.meteor\packages\meteor-tool\1.4.2_7\mt-os.windows.x86_32\dev_bundle\.npm\bcrypt\0.8.7\package.tgz
233 verbose tar unpacking to C:\Users\Jurgen\OneDrive\Coursera\website coding\week 3.2\week_2_image_share\node_modules\.staging\bcrypt-76d65437
234 silly gentlyRm C:\Users\Jurgen\OneDrive\Coursera\website coding\week 3.2\week_2_image_share\node_modules\.staging\bcrypt-76d65437 is being purged
235 verbose gentlyRm don't care about contents; nuking C:\Users\Jurgen\OneDrive\Coursera\website coding\week 3.2\week_2_image_share\node_modules\.staging\bcrypt-76d65437
236 silly gunzTarPerm modes [ '777', '666' ]
237 silly gunzTarPerm modes [ '777', '666' ]
238 silly gunzTarPerm extractEntry package.json
239 silly gunzTarPerm modified mode [ 'package.json', 420, 438 ]
240 silly gunzTarPerm extractEntry package.json
241 silly gunzTarPerm modified mode [ 'package.json', 436, 438 ]
242 silly gunzTarPerm extractEntry package.json
243 silly gunzTarPerm modified mode [ 'package.json', 420, 438 ]
244 silly gunzTarPerm extractEntry README.md
245 silly gunzTarPerm modified mode [ 'README.md', 420, 438 ]
246 silly gunzTarPerm extractEntry bindings.js
247 silly gunzTarPerm modified mode [ 'bindings.js', 420, 438 ]
248 silly gunzTarPerm extractEntry README.md
249 silly gunzTarPerm modified mode [ 'README.md', 436, 438 ]
250 silly gunzTarPerm extractEntry include_dirs.js
251 silly gunzTarPerm modified mode [ 'include_dirs.js', 436, 438 ]
252 silly gunzTarPerm extractEntry nan_converters.h
253 silly gunzTarPerm modified mode [ 'nan_converters.h', 436, 438 ]
254 silly gunzTarPerm extractEntry LICENSE.md
255 silly gunzTarPerm modified mode [ 'LICENSE.md', 436, 438 ]
256 silly gunzTarPerm extractEntry doc/node_misc.md
257 silly gunzTarPerm modified mode [ 'doc/node_misc.md', 436, 438 ]
258 silly gunzTarPerm extractEntry doc/asyncworker.md
259 silly gunzTarPerm modified mode [ 'doc/asyncworker.md', 436, 438 ]
260 silly gunzTarPerm extractEntry doc/callback.md
261 silly gunzTarPerm modified mode [ 'doc/callback.md', 436, 438 ]
262 silly gunzTarPerm extractEntry doc/converters.md
263 silly gunzTarPerm modified mode [ 'doc/converters.md', 436, 438 ]
264 silly gunzTarPerm extractEntry doc/errors.md
265 silly gunzTarPerm modified mode [ 'doc/errors.md', 436, 438 ]
266 silly gunzTarPerm extractEntry doc/maybe_types.md
267 silly gunzTarPerm modified mode [ 'doc/maybe_types.md', 436, 438 ]
268 silly gunzTarPerm extractEntry doc/methods.md
269 silly gunzTarPerm modified mode [ 'doc/methods.md', 436, 438 ]
270 silly gunzTarPerm extractEntry doc/new.md
271 silly gunzTarPerm modified mode [ 'doc/new.md', 436, 438 ]
272 silly gunzTarPerm extractEntry doc/buffers.md
273 silly gunzTarPerm modified mode [ 'doc/buffers.md', 436, 438 ]
274 silly gunzTarPerm extractEntry doc/object_wrappers.md
275 silly gunzTarPerm modified mode [ 'doc/object_wrappers.md', 436, 438 ]
276 silly gunzTarPerm extractEntry doc/persistent.md
277 silly gunzTarPerm modified mode [ 'doc/persistent.md', 436, 438 ]
278 silly gunzTarPerm extractEntry doc/scopes.md
279 silly gunzTarPerm modified mode [ 'doc/scopes.md', 436, 438 ]
280 silly gunzTarPerm extractEntry doc/script.md
281 silly gunzTarPerm modified mode [ 'doc/script.md', 436, 438 ]
282 silly gunzTarPerm extractEntry doc/string_bytes.md
283 silly gunzTarPerm modified mode [ 'doc/string_bytes.md', 436, 438 ]
284 silly gunzTarPerm extractEntry doc/v8_internals.md
285 silly gunzTarPerm modified mode [ 'doc/v8_internals.md', 436, 438 ]
286 silly gunzTarPerm extractEntry doc/v8_misc.md
287 silly gunzTarPerm modified mode [ 'doc/v8_misc.md', 436, 438 ]
288 silly gunzTarPerm extractEntry nan.h
289 silly gunzTarPerm modified mode [ 'nan.h', 436, 438 ]
290 silly gunzTarPerm extractEntry nan_callbacks.h
291 silly gunzTarPerm modified mode [ 'nan_callbacks.h', 436, 438 ]
292 silly gunzTarPerm extractEntry nan_callbacks_12_inl.h
293 silly gunzTarPerm modified mode [ 'nan_callbacks_12_inl.h', 436, 438 ]
294 silly gunzTarPerm extractEntry nan_callbacks_pre_12_inl.h
295 silly gunzTarPerm modified mode [ 'nan_callbacks_pre_12_inl.h', 436, 438 ]
296 silly gunzTarPerm extractEntry nan_converters_43_inl.h
297 silly gunzTarPerm modified mode [ 'nan_converters_43_inl.h', 436, 438 ]
298 silly gunzTarPerm extractEntry nan_converters_pre_43_inl.h
299 silly gunzTarPerm modified mode [ 'nan_converters_pre_43_inl.h', 436, 438 ]
300 silly gunzTarPerm extractEntry nan_implementation_12_inl.h
301 silly gunzTarPerm modified mode [ 'nan_implementation_12_inl.h', 436, 438 ]
302 silly gunzTarPerm extractEntry nan_implementation_pre_12_inl.h
303 silly gunzTarPerm modified mode [ 'nan_implementation_pre_12_inl.h', 436, 438 ]
304 silly gunzTarPerm extractEntry nan_maybe_43_inl.h
305 silly gunzTarPerm modified mode [ 'nan_maybe_43_inl.h', 436, 438 ]
306 silly gunzTarPerm extractEntry nan_maybe_pre_43_inl.h
307 silly gunzTarPerm modified mode [ 'nan_maybe_pre_43_inl.h', 436, 438 ]
308 silly gunzTarPerm extractEntry nan_new.h
309 silly gunzTarPerm modified mode [ 'nan_new.h', 436, 438 ]
310 silly gunzTarPerm extractEntry nan_object_wrap.h
311 silly gunzTarPerm modified mode [ 'nan_object_wrap.h', 436, 438 ]
312 silly gunzTarPerm extractEntry nan_persistent_12_inl.h
313 silly gunzTarPerm modified mode [ 'nan_persistent_12_inl.h', 436, 438 ]
314 silly gunzTarPerm extractEntry nan_persistent_pre_12_inl.h
315 silly gunzTarPerm modified mode [ 'nan_persistent_pre_12_inl.h', 436, 438 ]
316 silly gunzTarPerm extractEntry nan_string_bytes.h
317 silly gunzTarPerm modified mode [ 'nan_string_bytes.h', 436, 438 ]
318 silly gunzTarPerm extractEntry nan_typedarray_contents.h
319 silly gunzTarPerm modified mode [ 'nan_typedarray_contents.h', 436, 438 ]
320 silly gunzTarPerm extractEntry nan_weak.h
321 silly gunzTarPerm modified mode [ 'nan_weak.h', 436, 438 ]
322 silly gunzTarPerm extractEntry CHANGELOG.md
323 silly gunzTarPerm modified mode [ 'CHANGELOG.md', 436, 438 ]
324 silly gunzTarPerm extractEntry tools/package.json
325 silly gunzTarPerm modified mode [ 'tools/package.json', 436, 438 ]
326 silly gunzTarPerm extractEntry tools/README.md
327 silly gunzTarPerm modified mode [ 'tools/README.md', 436, 438 ]
328 silly gunzTarPerm extractEntry tools/1to2.js
329 silly gunzTarPerm modified mode [ 'tools/1to2.js', 509, 511 ]
330 silly gunzTarPerm extractEntry .npmignore
331 silly gunzTarPerm modified mode [ '.npmignore', 420, 438 ]
332 silly gunzTarPerm extractEntry README.md
333 silly gunzTarPerm modified mode [ 'README.md', 420, 438 ]
334 silly gunzTarPerm extractEntry LICENSE
335 silly gunzTarPerm modified mode [ 'LICENSE', 420, 438 ]
336 silly gunzTarPerm extractEntry bcrypt.js
337 silly gunzTarPerm modified mode [ 'bcrypt.js', 420, 438 ]
338 silly gunzTarPerm extractEntry Makefile
339 silly gunzTarPerm modified mode [ 'Makefile', 420, 438 ]
340 silly gunzTarPerm extractEntry .travis.yml
341 silly gunzTarPerm modified mode [ '.travis.yml', 420, 438 ]
342 silly gunzTarPerm extractEntry CHANGELOG.md
343 silly gunzTarPerm modified mode [ 'CHANGELOG.md', 420, 438 ]
344 silly gunzTarPerm extractEntry binding.gyp
345 silly gunzTarPerm modified mode [ 'binding.gyp', 420, 438 ]
346 silly gunzTarPerm extractEntry examples/async_compare.js
347 silly gunzTarPerm modified mode [ 'examples/async_compare.js', 420, 438 ]
348 silly gunzTarPerm extractEntry examples/forever_gen_salt.js
349 silly gunzTarPerm modified mode [ 'examples/forever_gen_salt.js', 420, 438 ]
350 silly gunzTarPerm extractEntry test/async.js
351 silly gunzTarPerm modified mode [ 'test/async.js', 420, 438 ]
352 silly gunzTarPerm extractEntry test/repetitions.js
353 silly gunzTarPerm modified mode [ 'test/repetitions.js', 420, 438 ]
354 silly gunzTarPerm extractEntry test/sync.js
355 silly gunzTarPerm modified mode [ 'test/sync.js', 420, 438 ]
356 silly gunzTarPerm extractEntry ISSUE_TEMPLATE.md
357 silly gunzTarPerm modified mode [ 'ISSUE_TEMPLATE.md', 420, 438 ]
358 silly gunzTarPerm extractEntry src/bcrypt.cc
359 silly gunzTarPerm modified mode [ 'src/bcrypt.cc', 420, 438 ]
360 silly gunzTarPerm extractEntry src/bcrypt_node.cc
361 silly gunzTarPerm modified mode [ 'src/bcrypt_node.cc', 420, 438 ]
362 silly gunzTarPerm extractEntry src/blowfish.cc
363 silly gunzTarPerm modified mode [ 'src/blowfish.cc', 420, 438 ]
364 silly gunzTarPerm extractEntry src/node_blf.h
365 silly gunzTarPerm modified mode [ 'src/node_blf.h', 420, 438 ]
366 silly gunzTarPerm extractEntry werker.yml
367 silly gunzTarPerm modified mode [ 'werker.yml', 420, 438 ]
368 silly gentlyRm C:\Users\Jurgen\OneDrive\Coursera\website coding\week 3.2\week_2_image_share\node_modules\.staging\bindings-11058295\node_modules is being purged
369 verbose gentlyRm don't care about contents; nuking C:\Users\Jurgen\OneDrive\Coursera\website coding\week 3.2\week_2_image_share\node_modules\.staging\bindings-11058295\node_modules
370 silly gentlyRm C:\Users\Jurgen\OneDrive\Coursera\website coding\week 3.2\week_2_image_share\node_modules\.staging\bcrypt-76d65437\node_modules is being purged
371 verbose gentlyRm don't care about contents; nuking C:\Users\Jurgen\OneDrive\Coursera\website coding\week 3.2\week_2_image_share\node_modules\.staging\bcrypt-76d65437\node_modules
372 silly gentlyRm C:\Users\Jurgen\OneDrive\Coursera\website coding\week 3.2\week_2_image_share\node_modules\.staging\nan-7cf97432\node_modules is being purged
373 verbose gentlyRm don't care about contents; nuking C:\Users\Jurgen\OneDrive\Coursera\website coding\week 3.2\week_2_image_share\node_modules\.staging\nan-7cf97432\node_modules
374 silly doParallel preinstall 3
375 silly preinstall bindings@1.2.1 C:\Users\Jurgen\OneDrive\Coursera\website coding\week 3.2\week_2_image_share\node_modules\.staging\bindings-11058295
376 info lifecycle bindings@1.2.1~preinstall: bindings@1.2.1
377 silly preinstall nan@2.3.5 C:\Users\Jurgen\OneDrive\Coursera\website coding\week 3.2\week_2_image_share\node_modules\.staging\nan-7cf97432
378 info lifecycle nan@2.3.5~preinstall: nan@2.3.5
379 silly preinstall bcrypt@0.8.7 C:\Users\Jurgen\OneDrive\Coursera\website coding\week 3.2\week_2_image_share\node_modules\.staging\bcrypt-76d65437
380 info lifecycle bcrypt@0.8.7~preinstall: bcrypt@0.8.7
381 silly lifecycle bindings@1.2.1~preinstall: no script for preinstall, continuing
382 silly lifecycle nan@2.3.5~preinstall: no script for preinstall, continuing
383 silly lifecycle bcrypt@0.8.7~preinstall: no script for preinstall, continuing
384 silly doReverseSerial remove 0
385 silly doSerial move 0
386 silly doSerial finalize 3
387 silly finalize C:\Users\Jurgen\OneDrive\Coursera\website coding\week 3.2\week_2_image_share\node_modules\bindings
388 silly finalize C:\Users\Jurgen\OneDrive\Coursera\website coding\week 3.2\week_2_image_share\node_modules\nan
389 silly finalize C:\Users\Jurgen\OneDrive\Coursera\website coding\week 3.2\week_2_image_share\node_modules\bcrypt
390 silly doSerial build 3
391 silly build bindings@1.2.1
392 info linkStuff bindings@1.2.1
393 silly linkStuff bindings@1.2.1 has C:\Users\Jurgen\OneDrive\Coursera\website coding\week 3.2\week_2_image_share\node_modules as its parent node_modules
394 verbose linkBins bindings@1.2.1
395 verbose linkMans bindings@1.2.1
396 silly build nan@2.3.5
397 info linkStuff nan@2.3.5
398 silly linkStuff nan@2.3.5 has C:\Users\Jurgen\OneDrive\Coursera\website coding\week 3.2\week_2_image_share\node_modules as its parent node_modules
399 verbose linkBins nan@2.3.5
400 verbose linkMans nan@2.3.5
401 silly build bcrypt@0.8.7
402 info linkStuff bcrypt@0.8.7
403 silly linkStuff bcrypt@0.8.7 has C:\Users\Jurgen\OneDrive\Coursera\website coding\week 3.2\week_2_image_share\node_modules as its parent node_modules
404 verbose linkBins bcrypt@0.8.7
405 verbose linkMans bcrypt@0.8.7
406 silly doSerial global-link 0
407 silly doParallel update-linked 0
408 silly doSerial install 3
409 silly install bindings@1.2.1 C:\Users\Jurgen\OneDrive\Coursera\website coding\week 3.2\week_2_image_share\node_modules\.staging\bindings-11058295
410 info lifecycle bindings@1.2.1~install: bindings@1.2.1
411 silly lifecycle bindings@1.2.1~install: no script for install, continuing
412 silly install nan@2.3.5 C:\Users\Jurgen\OneDrive\Coursera\website coding\week 3.2\week_2_image_share\node_modules\.staging\nan-7cf97432
413 info lifecycle nan@2.3.5~install: nan@2.3.5
414 silly lifecycle nan@2.3.5~install: no script for install, continuing
415 silly install bcrypt@0.8.7 C:\Users\Jurgen\OneDrive\Coursera\website coding\week 3.2\week_2_image_share\node_modules\.staging\bcrypt-76d65437
416 info lifecycle bcrypt@0.8.7~install: bcrypt@0.8.7
417 verbose lifecycle bcrypt@0.8.7~install: unsafe-perm in lifecycle true
418 verbose lifecycle bcrypt@0.8.7~install: PATH: C:\Users\Jurgen\AppData\Local\.meteor\packages\meteor-tool\1.4.2_7\mt-os.windows.x86_32\dev_bundle\lib\node_modules\npm\bin\node-gyp-bin;C:\Users\Jurgen\OneDrive\Coursera\website coding\week 3.2\week_2_image_share\node_modules\bcrypt\node_modules\.bin;C:\Users\Jurgen\OneDrive\Coursera\website coding\week 3.2\week_2_image_share\node_modules\.bin;C:\Users\Jurgen\AppData\Local\.meteor\packages\meteor-tool\1.4.2_7\mt-os.windows.x86_32\dev_bundle\bin;C:\Users\Jurgen\AppData\Local\.meteor\packages\meteor-tool\1.4.2_7\mt-os.windows.x86_32\dev_bundle\lib\node_modules\.bin;C:\Users\Jurgen\AppData\Roaming\npm;C:\Program Files (x86)\nodejs\;C:\WINDOWS\system32;C:\WINDOWS;C:\WINDOWS\System32\Wbem;C:\WINDOWS\System32\WindowsPowerShell\v1.0\;C:\Program Files (x86)\Skype\Phone\;C:\Program Files\Microsoft SQL Server\120\Tools\Binn\;C:\Program Files\Microsoft SQL Server\130\Tools\Binn\;C:\Program Files\dotnet\;C:\Program Files (x86)\nodejs\;C:\Program Files\Git\cmd;C:\Users\Jurgen\AppData\Local\Programs\Python\Python35-32\Scripts\;C:\Users\Jurgen\AppData\Local\Programs\Python\Python35-32\;C:\Users\Jurgen\AppData\Local\Microsoft\WindowsApps;;C:\Program Files (x86)\Microsoft VS Code\bin;C:\Users\Jurgen\AppData\Local\.meteor\;C:\Users\Jurgen\AppData\Roaming\npm
419 verbose lifecycle bcrypt@0.8.7~install: CWD: C:\Users\Jurgen\OneDrive\Coursera\website coding\week 3.2\week_2_image_share\node_modules\bcrypt
420 silly lifecycle bcrypt@0.8.7~install: Args: [ '/d /s /c', 'node-gyp rebuild' ]
421 silly lifecycle bcrypt@0.8.7~install: Returned: code: 1  signal: null
422 info lifecycle bcrypt@0.8.7~install: Failed to exec install script
423 verbose unlock done using C:\Users\Jurgen\AppData\Local\.meteor\packages\meteor-tool\1.4.2_7\mt-os.windows.x86_32\dev_bundle\.npm\_locks\staging-087449ab0fc44d54.lock for C:\Users\Jurgen\OneDrive\Coursera\website coding\week 3.2\week_2_image_share\node_modules\.staging
424 silly rollbackFailedOptional Starting
425 silly rollbackFailedOptional Finishing
426 silly runTopLevelLifecycles Finishing
427 silly install printInstalled
428 warn week_3_image_share@1.0.0 No repository field.
429 verbose If you need help, you may report this error at:
429 verbose     <https://github.com/npm/npm/issues>
430 verbose stack Error: bcrypt@0.8.7 install: `node-gyp rebuild`
430 verbose stack Exit status 1
430 verbose stack     at EventEmitter.<anonymous> (C:\Users\Jurgen\AppData\Local\.meteor\packages\meteor-tool\1.4.2_7\mt-os.windows.x86_32\dev_bundle\lib\node_modules\npm\lib\utils\lifecycle.js:255:16)
430 verbose stack     at emitTwo (events.js:87:13)
430 verbose stack     at EventEmitter.emit (events.js:172:7)
430 verbose stack     at ChildProcess.<anonymous> (C:\Users\Jurgen\AppData\Local\.meteor\packages\meteor-tool\1.4.2_7\mt-os.windows.x86_32\dev_bundle\lib\node_modules\npm\lib\utils\spawn.js:40:14)
430 verbose stack     at emitTwo (events.js:87:13)
430 verbose stack     at ChildProcess.emit (events.js:172:7)
430 verbose stack     at maybeClose (internal/child_process.js:854:16)
430 verbose stack     at Process.ChildProcess._handle.onexit (internal/child_process.js:222:5)
431 verbose pkgid bcrypt@0.8.7
432 verbose cwd C:\Users\Jurgen\OneDrive\Coursera\website coding\week 3.2\week_2_image_share
433 error Windows_NT 10.0.14393
434 error argv "C:\\Users\\Jurgen\\AppData\\Local\\.meteor\\packages\\meteor-tool\\1.4.2_7\\mt-os.windows.x86_32\\dev_bundle\\bin\\node.exe" "C:\\Users\\Jurgen\\AppData\\Local\\.meteor\\packages\\meteor-tool\\1.4.2_7\\mt-os.windows.x86_32\\dev_bundle\\lib\\node_modules\\npm\\bin\\npm-cli.js" "install" "--save" "bcrypt"
435 error node v4.7.3
436 error npm  v3.10.9
437 error code ELIFECYCLE
438 error bcrypt@0.8.7 install: `node-gyp rebuild`
438 error Exit status 1
439 error Failed at the bcrypt@0.8.7 install script 'node-gyp rebuild'.
439 error Make sure you have the latest version of node.js and npm installed.
439 error If you do, this is most likely a problem with the bcrypt package,
439 error not with npm itself.
439 error Tell the author that this fails on your system:
439 error     node-gyp rebuild
439 error You can get information on how to open an issue for this project with:
439 error     npm bugs bcrypt
439 error Or if that isn't available, you can get their info via:
439 error     npm owner ls bcrypt
439 error There is likely additional logging output above.
440 verbose exit [ 1, true ]
